Build started 2014-12-05 13:11:13.
     1>Project "C:\Users\Markus\Documents\Visual Studio 2010\Projects\Labb2\Labb2\Labb2.vcxproj" on node 2 (build target(s)).
     1>InitializeBuildStatus:
         Creating "Debug\Labb2.unsuccessfulbuild" because "AlwaysCreate" was specified.
       ClCompile:
         C:\Program Files (x86)\Microsoft Visual Studio 10.0\VC\bin\CL.exe /c /ZI /nologo /W3 /WX- /Od /Oy- /D WIN32 /D _DEBUG /D _CONSOLE /D _UNICODE /D UNICODE /Gm /EHsc /RTC1 /MDd /GS /fp:precise /Zc:wchar_t /Zc:forScope /Fo"Debug\\" /Fd"Debug\vc100.pdb" /Gd /TC /analyze- /errorReport:prompt dice.c
         dice.c
       ManifestResourceCompile:
         All outputs are up-to-date.
       Link:
         C:\Program Files (x86)\Microsoft Visual Studio 10.0\VC\bin\link.exe /ERRORREPORT:PROMPT /OUT:"C:\Users\Markus\Documents\Visual Studio 2010\Projects\Labb2\Debug\Labb2.exe" /INCREMENTAL /NOLOGO kernel32.lib user32.lib gdi32.lib winspool.lib comdlg32.lib advapi32.lib shell32.lib ole32.lib oleaut32.lib uuid.lib odbc32.lib odbccp32.lib /MANIFEST /ManifestFile:"Debug\Labb2.exe.intermediate.manifest" /MANIFESTUAC:"level='asInvoker' uiAccess='false'" /DEBUG /PDB:"C:\Users\Markus\Documents\Visual Studio 2010\Projects\Labb2\Debug\Labb2.pdb" /SUBSYSTEM:CONSOLE /TLBID:1 /DYNAMICBASE /NXCOMPAT /IMPLIB:"C:\Users\Markus\Documents\Visual Studio 2010\Projects\Labb2\Debug\Labb2.lib" /MACHINE:X86 Debug\Labb2.exe.embed.manifest.res
         Debug\dice.obj
         Debug\labb2.obj
         ..\..\..\..\..\Desktop\PCLibs\PCLibs2010.lib
       Manifest:
         C:\Program Files (x86)\Microsoft SDKs\Windows\v7.0A\bin\mt.exe /nologo /verbose /out:"Debug\Labb2.exe.embed.manifest" /manifest Debug\Labb2.exe.intermediate.manifest
         All outputs are up-to-date.
       LinkEmbedManifest:
         All outputs are up-to-date.
         Labb2.vcxproj -> C:\Users\Markus\Documents\Visual Studio 2010\Projects\Labb2\Debug\Labb2.exe
       FinalizeBuildStatus:
         Deleting file "Debug\Labb2.unsuccessfulbuild".
         Touching "Debug\Labb2.lastbuildstate".
     1>Done Building Project "C:\Users\Markus\Documents\Visual Studio 2010\Projects\Labb2\Labb2\Labb2.vcxproj" (build target(s)).

Build succeeded.

Time Elapsed 00:00:00.51
